make all --print-data-base --no-builtin-variables --no-builtin-rules --question
# GNU Make 4.2.1
# Built for x86_64-pc-linux-gnu
# Copyright (C) 1988-2016 Free Software Foundation, Inc.
# License GPLv3+: GNU GPL version 3 or later <http://gnu.org/licenses/gpl.html>
# This is free software: you are free to change and redistribute it.
# There is NO WARRANTY, to the extent permitted by law.

# Make data base, printed on Mon May 23 17:10:09 2022

# Variables

# 'override' directive
GNUMAKEFLAGS := 
# automatic
<D = $(patsubst %/,%,$(dir $<))
# automatic
?F = $(notdir $?)
# environment
DESKTOP_SESSION = ubuntu
# default
.SHELLFLAGS := -c
# environment
XDG_SESSION_CLASS = user
# environment
SNAP_COMMON = /var/snap/code/common
# environment
XDG_SESSION_TYPE = x11
# environment
VSCODE_LOG_NATIVE = false
# environment
NVM_INC = /home/grorge/.nvm/versions/node/v16.0.0/include/node
# automatic
?D = $(patsubst %/,%,$(dir $?))
# automatic
@D = $(patsubst %/,%,$(dir $@))
# environment
XAUTHORITY = /run/user/1000/gdm/Xauthority
# environment
GDMSESSION = ubuntu
# environment
XMODIFIERS = @im=fcitx
# makefile
CURDIR := /home/grorge/Desktop/sprout/sprout_hw2/future
# environment
RBENV_SHELL = zsh
# environment
SNAP_DATA = /var/snap/code/97
# environment
VTE_VERSION = 6003
# environment
VSCODE_NLS_CONFIG = {"locale":"en","availableLanguages":{},"_languagePackSupport":true}
# environment
JOURNAL_STREAM = 8:46679
# environment
XDG_CONFIG_DIRS = /etc/xdg/xdg-ubuntu:/etc/xdg
# environment
SNAP_INSTANCE_NAME = code
# environment
SNAP_ARCH = amd64
# makefile (from 'Makefile', line 1)
MAKEFILE_LIST :=  Makefile
# automatic
@F = $(notdir $@)
# environment
IM_CONFIG_PHASE = 1
# environment
USERNAME = grorge
# environment
MAKELEVEL := 0
# environment
XDG_DATA_DIRS = /usr/share/ubuntu:/usr/local/share/:/usr/share/:/var/lib/snapd/desktop
# environment
AUTOJUMP_SOURCED = 1
# environment
DBUS_SESSION_BUS_ADDRESS = unix:path=/run/user/1000/bus
# environment
VSCODE_VERBOSE_LOGGING = true
# environment
MANAGERPID = 1921
# environment
P9K_SSH = 0
# environment
CLUTTER_IM_MODULE = fcitx
# environment
VSCODE_IPC_HOOK_EXTHOST = /run/user/1000/vscode-ipc-e3dde30f-acb2-4a52-9153-14673978862f.sock
# environment
LC_NAME = lzh_TW
# environment
VSCODE_CWD = /home/grorge/Desktop/sprout/sprout_hw2/future
# environment
GSETTINGS_SCHEMA_DIR = /snap/code/97/usr/share/glib-2.0/schemas
# default
MAKE_HOST := x86_64-pc-linux-gnu
# environment
PATH = /home/grorge/.local/share/zinit/plugins/paulirish---git-open:/home/grorge/.yarn/bin:/home/grorge/.config/yarn/global/node_modules/.bin:/home/grorge/go/bin:/home/grorge/.local/share/zinit/polaris/bin:/home/yi/.rbenv/shims:/home/grorge/.pyenv/bin:/home/grorge/.pyenv/shims:/home/grorge/.nvm/versions/node/v16.0.0/bin:/home/grorge/.local/bin:/usr/local/sbin:/usr/local/bin:/usr/sbin:/usr/bin:/sbin:/bin:/usr/games:/usr/local/games:/snap/bin:/usr/local/go/bin:/home/grorge/Desktop/CA_HW/riscv64-unknown-elf-toolchain-10.2.0-2020.12.8-x86_64-linux-ubuntu14/bin
# environment
GPG_AGENT_INFO = /run/user/1000/gnupg/S.gpg-agent:0:1
# environment
SESSION_MANAGER = local/grorge-System-Product-Name:@/tmp/.ICE-unix/2322,unix/grorge-System-Product-Name:/tmp/.ICE-unix/2322
# environment
XDG_RUNTIME_DIR = /run/user/1000
# environment
GDK_PIXBUF_MODULE_FILE = /home/grorge/snap/code/common/.cache/gdk-pixbuf-loaders.cache
# environment
SNAP = /snap/code/97
# makefile (from 'Makefile', line 15)
ALLEGRO_OPTIONS = -I/usr/include/x86_64-linux-gnu -lallegro_font -lallegro -lallegro_ttf -lallegro_primitives -lallegro_image
# environment
GOPATH = /home/grorge/go
# environment
NVM_BIN = /home/grorge/.nvm/versions/node/v16.0.0/bin
# environment
SNAP_VERSION = c3511e6c
# environment
XDG_MENU_PREFIX = gnome-
# environment
VSCODE_LOG_STACK = false
# environment
DISABLE_WAYLAND = 1
# environment
ELECTRON_RUN_AS_NODE = 1
# environment
PYENV_ROOT = /home/grorge/.pyenv
# environment
INVOCATION_ID = 3e8b726b496344f3990542f8c7b3a19e
# environment
GDK_PIXBUF_MODULEDIR = /snap/code/97/usr/lib/x86_64-linux-gnu/gdk-pixbuf-2.0/2.10.0/loaders
# default
.FEATURES := target-specific order-only second-expansion else-if shortest-stem undefine oneshell archives jobserver output-sync check-symlink load
# makefile (from 'Makefile', line 4)
_OBJS = bin/utils/log.o bin/utils/imageProcess.o bin/engine/scene.o bin/engine/menu.o bin/engine/mainGame.o bin/engine/end.o bin/object/player.o bin/object/bullet.o bin/object/asteroid.o bin/object/potion.o
# environment
XDG_SESSION_DESKTOP = ubuntu
# environment
SSH_AUTH_SOCK = /run/user/1000/keyring/ssh
# automatic
%F = $(notdir $%)
# environment
DISPLAY = :1
# environment
GTK_IM_MODULE = fcitx
# environment
VSCODE_PIPE_LOGGING = true
# environment
SNAP_INSTANCE_KEY = 
# environment
PWD = /home/grorge/Desktop/sprout/sprout_hw2/future
# default
.LOADED := 
# environment
SSH_AGENT_PID = 2279
# environment
ORIGINAL_XDG_CURRENT_DESKTOP = ubuntu:GNOME
# environment
GTK_MODULES = gail:atk-bridge
# environment
VSCODE_AMD_ENTRYPOINT = vs/workbench/api/node/extensionHostProcess
# environment
HOME = /home/grorge
# environment
VSCODE_CLI = 1
# environment
VSCODE_CODE_CACHE_PATH = /home/grorge/.config/Code/CachedData/c3511e6c69bb39013c4a4b7b9566ec1ca73fc4d5
# environment
LOGNAME = grorge
# environment
APPLICATION_INSIGHTS_NO_DIAGNOSTIC_CHANNEL = 1
# environment
SNAP_LIBRARY_PATH = /var/lib/snapd/lib/gl:/var/lib/snapd/lib/gl32:/var/lib/snapd/void
# environment
SNAP_CONTEXT = BivSzzWdgBgH_JDoo0d3LmH8mMNMyqycs3xT-J6No_nL7T3tXu7n
# environment
NVM_CD_FLAGS = -q
# automatic
+F = $(notdir $+)
# environment
ELECTRON_NO_ATTACH_CONSOLE = 1
# environment
SNAP_USER_COMMON = /home/grorge/snap/code/common
# environment
VSCODE_HANDLES_UNCAUGHT_ERRORS = true
# environment
GNOME_DESKTOP_SESSION_ID = this-is-deprecated
# automatic
^D = $(patsubst %/,%,$(dir $^))
# environment
LC_TIME = lzh_TW
# environment
SNAP_REAL_HOME = /home/grorge
# environment
COLORTERM = truecolor
# default
MAKE = $(MAKE_COMMAND)
# default
MAKECMDGOALS := all
# environment
QT_IM_MODULE = fcitx
# environment
SNAP_USER_DATA = /home/grorge/snap/code/97
# environment
SHLVL = 1
# environment
GNOME_SHELL_SESSION_MODE = ubuntu
# default
MAKE_VERSION := 4.2.1
# environment
USER = grorge
# environment
SNAP_REVISION = 97
# environment
LC_MONETARY = lzh_TW
# makefile
.DEFAULT_GOAL := all
# environment
XDG_CURRENT_DESKTOP = Unity
# automatic
%D = $(patsubst %/,%,$(dir $%))
# environment
LC_TELEPHONE = lzh_TW
# default
MAKE_COMMAND := make
# environment
ZPFX = /home/grorge/.local/share/zinit/polaris
# environment
OLDPWD = /home/grorge
# environment
ZSH_CACHE_DIR = /home/grorge/.cache/zinit
# default
.VARIABLES := 
# automatic
*F = $(notdir $*)
# environment
VSCODE_IPC_HOOK = /run/user/1000/vscode-dbd7c976-1.67.2-main.sock
# makefile
MAKEFLAGS = pqrR
# environment
MFLAGS = -pqrR
# automatic
*D = $(patsubst %/,%,$(dir $*))
# environment
NVM_DIR = /home/grorge/.nvm
# automatic
+D = $(patsubst %/,%,$(dir $+))
# makefile
SHELL = /bin/sh
# environment
GDK_BACKEND = x11
# environment
LC_PAPER = lzh_TW
# makefile (from 'Makefile', line 1)
INCLUDE_PATH = src/
# environment
QT_ACCESSIBILITY = 1
# environment
PMSPEC = 0uUpiPsf
# default
MAKEFILES := 
# environment
SNAP_COOKIE = BivSzzWdgBgH_JDoo0d3LmH8mMNMyqycs3xT-J6No_nL7T3tXu7n
# environment
LC_NUMERIC = lzh_TW
# automatic
<F = $(notdir $<)
# environment
LC_MEASUREMENT = lzh_TW
# environment
SNAP_NAME = code
# environment
LC_ALL = C
# environment
QT4_IM_MODULE = fcitx
# environment
P9K_TTY = old
# environment
GNOME_TERMINAL_SCREEN = /org/gnome/Terminal/screen/c6421ee5_5bcc_4ea1_8c93_41b2415d3fb8
# automatic
^F = $(notdir $^)
# environment
GNOME_TERMINAL_SERVICE = :1.88
# default
SUFFIXES := 
# environment
SNAP_REEXEC = 
# environment
CHROME_DESKTOP = code-url-handler.desktop
# environment
WINDOWPATH = 2
# default
.INCLUDE_DIRS = /usr/include /usr/local/include /usr/include
# environment
LC_IDENTIFICATION = lzh_TW
# default
.RECIPEPREFIX := 
# environment
AUTOJUMP_ERROR_PATH = /home/grorge/.local/share/autojump/errors.log
# environment
LC_ADDRESS = lzh_TW
# environment
LANG = C
# environment
TERM = xterm-256color
# environment
_P9K_TTY = /dev/pts/0
# environment
VSCODE_PID = 5504
# makefile (from 'Makefile', line 2)
CPP_FLAGS = -Wall -Wextra -std=c++17
# variable set hash-table stats:
# Load=148/1024=14%, Rehash=0, Collisions=29/180=16%

# Pattern-specific Variable Values

# No pattern-specific variable values.

# Directories

 
# . (device 66309, inode 39860051): 12 files, no impossibilities.

# 12 files, no impossibilities in 1 directories.

# Implicit Rules

# No implicit rules.

# Files

source:
#  Implicit rule search has not been done.
#  Modification time never checked.
#  File has not been updated.
#  recipe to execute (from 'Makefile', line 24):
	g++ hw.cpp -o hw.out

# Not a target:
src/engine/menu.cpp:
#  Implicit rule search has been done.
#  Last modified 2022-05-22 22:46:49.242133315
#  File has been updated.
#  Successfully updated.

# Not a target:
src/object/player.cpp:
#  Implicit rule search has not been done.
#  Modification time never checked.
#  File has not been updated.

# Not a target:
src/utils/log.cpp:
#  Implicit rule search has been done.
#  Last modified 2022-05-19 19:45:31.589245417
#  File has been updated.
#  Successfully updated.

bin/engine/scene.o: src/engine/scene.cpp
#  Implicit rule search has not been done.
#  Last modified 2022-05-20 23:05:46.458024658
#  File has been updated.
#  Successfully updated.
#  recipe to execute (from 'Makefile', line 42):
	mkdir -p bin/engine
	g++ $^ -c -o $@ $(CPP_FLAGS) -I$(INCLUDE_PATH) $(ALLEGRO_OPTIONS)

all: bin/main
#  Command line target.
#  Implicit rule search has been done.
#  File does not exist.
#  File has been updated.
#  Needs to be updated (-q is set).
# variable set hash-table stats:
# Load=0/32=0%, Rehash=0, Collisions=0/6=0%

bin/engine/menu.o: src/engine/menu.cpp
#  Implicit rule search has not been done.
#  Last modified 2022-05-22 23:05:38.892120171
#  File has been updated.
#  Successfully updated.
#  recipe to execute (from 'Makefile', line 46):
	mkdir -p bin/engine
	g++ $^ -c -o $@ $(CPP_FLAGS) -I$(INCLUDE_PATH) $(ALLEGRO_OPTIONS)

bin/object/player.o: src/object/player.cpp
#  Implicit rule search has not been done.
#  Modification time never checked.
#  File has not been updated.
#  recipe to execute (from 'Makefile', line 54):
	mkdir -p bin/object
	g++ $^ -c -o $@ $(CPP_FLAGS) -I$(INCLUDE_PATH) $(ALLEGRO_OPTIONS)

bin/utils/log.o: src/utils/log.cpp
#  Implicit rule search has not been done.
#  Last modified 2022-05-20 23:05:46.414024562
#  File has been updated.
#  Successfully updated.
#  recipe to execute (from 'Makefile', line 30):
	mkdir -p bin/utils
	g++ $^ -c -o $@ $(CPP_FLAGS) -I$(INCLUDE_PATH) $(ALLEGRO_OPTIONS)

# Not a target:
src/engine/mainGame.cpp:
#  Implicit rule search has been done.
#  Last modified 2022-05-22 23:30:51.017460556
#  File has been updated.
#  Successfully updated.

# Not a target:
.SUFFIXES:
#  Implicit rule search has not been done.
#  Modification time never checked.
#  File has not been updated.

# Not a target:
src/utils/imageProcess.cpp:
#  Implicit rule search has been done.
#  Last modified 2022-05-20 17:29:52.085868613
#  File has been updated.
#  Successfully updated.

bin/engine/mainGame.o: src/engine/mainGame.cpp
#  Implicit rule search has not been done.
#  Implicit/static pattern stem: ''
#  Last modified 2022-05-22 23:28:21.461174823
#  File has been updated.
#  Needs to be updated (-q is set).
# automatic
# @ := bin/engine/mainGame.o
# automatic
# % := 
# automatic
# * := 
# automatic
# + := src/engine/mainGame.cpp
# automatic
# | := 
# automatic
# < := src/engine/mainGame.cpp
# automatic
# ^ := src/engine/mainGame.cpp
# automatic
# ? := src/engine/mainGame.cpp
# variable set hash-table stats:
# Load=8/32=25%, Rehash=0, Collisions=1/16=6%
#  recipe to execute (from 'Makefile', line 38):
	mkdir -p bin/engine
	g++ $^ -c -o $@ $(CPP_FLAGS) -I$(INCLUDE_PATH) $(ALLEGRO_OPTIONS)

# Not a target:
Makefile:
#  Implicit rule search has been done.
#  Last modified 2022-05-20 23:10:20.938636163
#  File has been updated.
#  Successfully updated.

# Not a target:
src/object/bullet.cpp:
#  Implicit rule search has not been done.
#  Modification time never checked.
#  File has not been updated.

# Not a target:
src/engine/end.cpp:
#  Implicit rule search has not been done.
#  Modification time never checked.
#  File has not been updated.

bin/utils/imageProcess.o: src/utils/imageProcess.cpp
#  Implicit rule search has not been done.
#  Last modified 2022-05-20 23:05:46.434024606
#  File has been updated.
#  Successfully updated.
#  recipe to execute (from 'Makefile', line 34):
	mkdir -p bin/utils
	g++ $^ -c -o $@ $(CPP_FLAGS) -I$(INCLUDE_PATH) $(ALLEGRO_OPTIONS)

bin/object/bullet.o: src/object/bullet.cpp
#  Implicit rule search has not been done.
#  Modification time never checked.
#  File has not been updated.
#  recipe to execute (from 'Makefile', line 58):
	mkdir -p bin/object
	g++ $^ -c -o $@ $(CPP_FLAGS) -I$(INCLUDE_PATH) $(ALLEGRO_OPTIONS)

bin/engine/end.o: src/engine/end.cpp
#  Implicit rule search has not been done.
#  Modification time never checked.
#  File has not been updated.
#  recipe to execute (from 'Makefile', line 50):
	mkdir -p bin/engine
	g++ $^ -c -o $@ $(CPP_FLAGS) -I$(INCLUDE_PATH) $(ALLEGRO_OPTIONS)

# Not a target:
.DEFAULT:
#  Implicit rule search has not been done.
#  Modification time never checked.
#  File has not been updated.

clean:
#  Implicit rule search has not been done.
#  Modification time never checked.
#  File has not been updated.
#  recipe to execute (from 'Makefile', line 20):
	rm -rf bin/
	rm hw.out
	

# Not a target:
src/main.cpp:
#  Implicit rule search has been done.
#  Last modified 2022-05-22 22:45:48.418097637
#  File has been updated.
#  Successfully updated.

bin/main: src/main.cpp bin/utils/log.o bin/utils/imageProcess.o bin/engine/scene.o bin/engine/menu.o bin/engine/mainGame.o bin/engine/end.o bin/object/player.o bin/object/bullet.o bin/object/asteroid.o bin/object/potion.o
#  Implicit rule search has not been done.
#  Last modified 2022-05-22 23:28:21.617175131
#  File has been updated.
#  Needs to be updated (-q is set).
# variable set hash-table stats:
# Load=0/32=0%, Rehash=0, Collisions=0/6=0%
#  recipe to execute (from 'Makefile', line 27):
	g++ $^ -o $@ $(CPP_FLAGS) -I$(INCLUDE_PATH) $(ALLEGRO_OPTIONS)

# Not a target:
src/object/potion.cpp:
#  Implicit rule search has not been done.
#  Modification time never checked.
#  File has not been updated.

# Not a target:
src/object/asteroid.cpp:
#  Implicit rule search has not been done.
#  Modification time never checked.
#  File has not been updated.

# Not a target:
src/engine/scene.cpp:
#  Implicit rule search has been done.
#  Last modified 2022-05-19 18:50:15.572438254
#  File has been updated.
#  Successfully updated.

bin/object/potion.o: src/object/potion.cpp
#  Implicit rule search has not been done.
#  Modification time never checked.
#  File has not been updated.
#  recipe to execute (from 'Makefile', line 66):
	mkdir -p bin/object
	g++ $^ -c -o $@ $(CPP_FLAGS) -I$(INCLUDE_PATH) $(ALLEGRO_OPTIONS)

bin/object/asteroid.o: src/object/asteroid.cpp
#  Implicit rule search has not been done.
#  Modification time never checked.
#  File has not been updated.
#  recipe to execute (from 'Makefile', line 62):
	mkdir -p bin/object
	g++ $^ -c -o $@ $(CPP_FLAGS) -I$(INCLUDE_PATH) $(ALLEGRO_OPTIONS)

# files hash-table stats:
# Load=28/1024=3%, Rehash=0, Collisions=1/73=1%
# VPATH Search Paths

# No 'vpath' search paths.

# No general ('VPATH' variable) search path.

# strcache buffers: 1 (0) / strings = 41 / storage = 587 B / avg = 14 B
# current buf: size = 8162 B / used = 587 B / count = 41 / avg = 14 B

# strcache performance: lookups = 72 / hit rate = 43%
# hash-table stats:
# Load=41/8192=1%, Rehash=0, Collisions=1/72=1%
# Finished Make data base on Mon May 23 17:10:09 2022

 
